<html xmlns:math="http://exslt.org/math" xmlns:testng="http://testng.org">
   <head>
      <title>TestNG Results</title>
      <meta http-equiv="content-type" content="text/html; charset=utf-8"></meta>
      <meta http-equiv="pragma" content="no-cache"></meta>
      <meta http-equiv="cache-control" content="max-age=0"></meta>
      <meta http-equiv="cache-control" content="no-cache"></meta>
      <meta http-equiv="cache-control" content="no-store"></meta>
      <LINK rel="stylesheet" href="style.css"></LINK>
      <script type="text/javascript" src="main.js"></script>
   </head>
   <body>
      <table width="100%" style="font-size: 16px; margin-bottom: 10px;" cellspacing="1">
         <tr>
            <td width="100%">
               Test case
               
               <b>TestA</b>
            </td>
            <td style="background-color: #FFBBBB; padding: 3px 3px 3px 0;" align="center">
               <div style="width: 50px;">1</div>
            </td>
            <td style="background-color: lightgreen; padding: 3px 3px 3px 0;" align="center">
               <div style="width: 50px;">0</div>
            </td>
            <td style="background-color: #FFFFBB; padding: 3px 3px 3px 0;" align="center">
               <div style="width: 50px;">2</div>
            </td>
            <td align="center" style="background-color: #eaf0f7; padding: 3px 3px 3px 0;">
               <div style="width: 50px;">3</div>
            </td>
            <td align="center"
                style="font-weight: bold; background-color: #eaf0f7; padding: 3px 3px 3px 0;">
               <div style="width: 50px;">0%</div>
            </td>
            <td style="background-color: #eaf0f7; padding: 3px 3px 3px 0;" align="center"
                nowrap="true">726 ms
               
            </td>
         </tr>
      </table>
      <div style="width: 200px;">
         <label for="groupMethodsCheckBox" style="font-weight: bold; margin: 0;">
            <input id="groupMethodsCheckBox" type="checkbox" onclick="switchTestMethodsView(this)"></input>
            Group by class
            
         </label>
         <br></br>
         <label for="methodsFilter_ALL" style="font-weight: bold; margin: 0;">
            <input id="methodsFilter_ALL" type="checkbox"
                   onclick="testMethodsFilterChanged(this, 'ALL')"></input>
            All
            
         </label>
      </div>
      <label for="methodsFilter_FAIL" style="margin-left: 20px;">
         <input id="methodsFilter_FAIL" type="checkbox"
                onclick="testMethodsFilterChanged(this, 'FAIL')"
                checked=""></input>
         Failed
         
      </label>
      <label for="methodsFilter_PASS">
         <input id="methodsFilter_PASS" type="checkbox"
                onclick="testMethodsFilterChanged(this, 'PASS')"
                checked=""></input>
         Passed
         
      </label>
      <label for="methodsFilter_SKIP">
         <input id="methodsFilter_SKIP" type="checkbox"
                onclick="testMethodsFilterChanged(this, 'SKIP')"
                checked=""></input>
         Skipped
         
      </label>
      <label for="methodsFilter_CONF">
         <input id="methodsFilter_CONF" type="checkbox"
                onclick="testMethodsFilterChanged(this, 'CONF')"></input>
         Config
         
      </label>
      <br></br>
      <div id="testMethodsByStatus">
         <table class="testMethodsTable" cellpadding="0" cellspacing="0">
            <tr class="methodsTableHeader">
               <td width="100%">Name</td>
               <td nowrap="true">Started</td>
               <td nowrap="true">Duration</td>
               <td>Exception</td>
            </tr>
            <tr id="com.datadriven.frame.testcases.DummyTestA_testA1_byStatus_failed_FAIL1_row"
                class="testMethodStatusFAIL">
               <td width="100%" class="firstMethodCell">
                  <a onclick="toggleDetailsVisibility('com.datadriven.frame.testcases.DummyTestA_testA1_byStatus_failed_FAIL1_details')">testA1()</a>
               </td>
               <td nowrap="true">20:47:38</td>
               <td nowrap="true" align="right">16 ms
                  
               </td>
               <td nowrap="true">
                  <a onclick="toggleDetailsVisibility('com.datadriven.frame.testcases.DummyTestA_testA1_byStatus_failed_FAIL1_exception')">java.lang.AssertionError: 
                     null
                     
                  </a>
                   
                  
               </td>
            </tr>
            <tr>
               <td colspan="4" class="detailsBox">
                  <div id="com.datadriven.frame.testcases.DummyTestA_testA1_byStatus_failed_FAIL1_details"
                       class="testMethodDetails">
                     <div>
                        <b>Name: </b>testA1
                     </div>
                     <div>
                        <b>Signature: </b>testA1()[pri:1, instance:com.datadriven.frame.testcases.DummyTestA@57a78e3]
                     </div>
                     <div>
                        <b>Start time: </b>20:47:38
                     </div>
                     <div>
                        <b>End time: </b>20:47:38
                     </div>
                     <div>
                        <b>Duration: </b>16 ms
                        
                     </div>
                  </div>
               </td>
            </tr>
            <tr>
               <td colspan="4" class="detailsBox">
                  <div id="com.datadriven.frame.testcases.DummyTestA_testA1_byStatus_failed_FAIL1_exception"
                       class="testMethodDetails">
                     <pre style="padding: 5px; margin: 0;">java.lang.AssertionError: null
                        	at org.testng.Assert.fail(Assert.java:94)
                        	at org.testng.Assert.fail(Assert.java:101)
                        	at com.datadriven.frame.testcases.DummyTestA.testA1(DummyTestA.java:14)
                        	at java.base/jdk.internal.reflect.NativeMethodAccessorImpl.invoke0(Native Method)
                        	at java.base/jdk.internal.reflect.NativeMethodAccessorImpl.invoke(NativeMethodAccessorImpl.java:62)
                        	at java.base/jdk.internal.reflect.DelegatingMethodAccessorImpl.invoke(DelegatingMethodAccessorImpl.java:43)
                        	at java.base/java.lang.reflect.Method.invoke(Method.java:564)
                        	at org.testng.internal.MethodInvocationHelper.invokeMethod(MethodInvocationHelper.java:85)
                        	at org.testng.internal.Invoker.invokeMethod(Invoker.java:639)
                        	at org.testng.internal.Invoker.invokeTestMethod(Invoker.java:816)
                        	at org.testng.internal.Invoker.invokeTestMethods(Invoker.java:1124)
                        	at org.testng.internal.TestMethodWorker.invokeTestMethods(TestMethodWorker.java:125)
                        	at org.testng.internal.TestMethodWorker.run(TestMethodWorker.java:108)
                        	at org.testng.TestRunner.privateRun(TestRunner.java:774)
                        	at org.testng.TestRunner.run(TestRunner.java:624)
                        	at org.testng.SuiteRunner.runTest(SuiteRunner.java:359)
                        	at org.testng.SuiteRunner.access$000(SuiteRunner.java:39)
                        	at org.testng.SuiteRunner$SuiteWorker.run(SuiteRunner.java:393)
                        	at org.testng.internal.thread.ThreadUtil$2.call(ThreadUtil.java:64)
                        	at java.base/java.util.concurrent.FutureTask.run(FutureTask.java:264)
                        	at java.base/java.util.concurrent.ThreadPoolExecutor.runWorker(ThreadPoolExecutor.java:1135)
                        	at java.base/java.util.concurrent.ThreadPoolExecutor$Worker.run(ThreadPoolExecutor.java:635)
                        	at java.base/java.lang.Thread.run(Thread.java:844)
                     </pre>
                  </div>
               </td>
            </tr>
            <tr id="com.datadriven.frame.testcases.DummyTestA_quit_byStatus_passed_PASS1_row"
                class="testMethodStatusPASS testMethodStatusCONF">
               <td width="100%" class="firstMethodCell">
                  <a onclick="toggleDetailsVisibility('com.datadriven.frame.testcases.DummyTestA_quit_byStatus_passed_PASS1_details')">quit()</a>
               </td>
               <td nowrap="true">20:47:38</td>
               <td nowrap="true" align="right">687 ms
                  
               </td>
               <td nowrap="true">
                   
                  
               </td>
            </tr>
            <tr>
               <td colspan="4" class="detailsBox">
                  <div id="com.datadriven.frame.testcases.DummyTestA_quit_byStatus_passed_PASS1_details"
                       class="testMethodDetails">
                     <div>
                        <b>Name: </b>quit
                     </div>
                     <div>
                        <b>Signature: </b>quit()[pri:0, instance:com.datadriven.frame.testcases.DummyTestA@57a78e3]
                     </div>
                     <div>
                        <b>Start time: </b>20:47:38
                     </div>
                     <div>
                        <b>End time: </b>20:47:39
                     </div>
                     <div>
                        <b>Duration: </b>687 ms
                        
                     </div>
                  </div>
               </td>
            </tr>
            <tr></tr>
            <tr id="com.datadriven.frame.testcases.DummyTestA_testA3_byStatus_skiped_SKIP1_row"
                class="testMethodStatusSKIP">
               <td width="100%" class="firstMethodCell">
                  <a onclick="toggleDetailsVisibility('com.datadriven.frame.testcases.DummyTestA_testA3_byStatus_skiped_SKIP1_details')">testA3()</a>
               </td>
               <td nowrap="true">20:47:39</td>
               <td nowrap="true" align="right">0 ms
                  
               </td>
               <td nowrap="true">
                  <a onclick="toggleDetailsVisibility('com.datadriven.frame.testcases.DummyTestA_testA3_byStatus_skiped_SKIP1_exception')">java.lang.Throwable: 
                     Method DummyTestA.testA3()[pri:3, instance:com.datadriven.frame.testcases.DummyTestA@57a78e3] depends on not successfully
                     finished methods
                     
                  </a>
                   
                  
               </td>
            </tr>
            <tr>
               <td colspan="4" class="detailsBox">
                  <div id="com.datadriven.frame.testcases.DummyTestA_testA3_byStatus_skiped_SKIP1_details"
                       class="testMethodDetails">
                     <div>
                        <b>Name: </b>testA3
                     </div>
                     <div>
                        <b>Signature: </b>testA3()[pri:3, instance:com.datadriven.frame.testcases.DummyTestA@57a78e3]
                     </div>
                     <div>
                        <b>Start time: </b>20:47:39
                     </div>
                     <div>
                        <b>End time: </b>20:47:39
                     </div>
                     <div>
                        <b>Duration: </b>0 ms
                        
                     </div>
                     <div>
                        <b>Depends on methods:
                           
                        </b>
                        <div>
                               -
                           com.datadriven.frame.testcases.DummyTestA.testA2
                        </div>
                        <div>
                               -
                            com.datadriven.frame.testcases.DummyTestA.testA1
                        </div>
                     </div>
                  </div>
               </td>
            </tr>
            <tr>
               <td colspan="4" class="detailsBox">
                  <div id="com.datadriven.frame.testcases.DummyTestA_testA3_byStatus_skiped_SKIP1_exception"
                       class="testMethodDetails">
                     <pre style="padding: 5px; margin: 0;">java.lang.Throwable: Method DummyTestA.testA3()[pri:3, instance:com.datadriven.frame.testcases.DummyTestA@57a78e3] depends
                        on not successfully finished methods
                        	at org.testng.internal.Invoker.invokeTestMethods(Invoker.java:1033)
                        	at org.testng.internal.TestMethodWorker.invokeTestMethods(TestMethodWorker.java:125)
                        	at org.testng.internal.TestMethodWorker.run(TestMethodWorker.java:108)
                        	at org.testng.TestRunner.privateRun(TestRunner.java:774)
                        	at org.testng.TestRunner.run(TestRunner.java:624)
                        	at org.testng.SuiteRunner.runTest(SuiteRunner.java:359)
                        	at org.testng.SuiteRunner.access$000(SuiteRunner.java:39)
                        	at org.testng.SuiteRunner$SuiteWorker.run(SuiteRunner.java:393)
                        	at org.testng.internal.thread.ThreadUtil$2.call(ThreadUtil.java:64)
                        	at java.base/java.util.concurrent.FutureTask.run(FutureTask.java:264)
                        	at java.base/java.util.concurrent.ThreadPoolExecutor.runWorker(ThreadPoolExecutor.java:1135)
                        	at java.base/java.util.concurrent.ThreadPoolExecutor$Worker.run(ThreadPoolExecutor.java:635)
                        	at java.base/java.lang.Thread.run(Thread.java:844)
                     </pre>
                  </div>
               </td>
            </tr>
            <tr id="com.datadriven.frame.testcases.DummyTestA_testA2_byStatus_skiped_SKIP2_row"
                class="testMethodStatusSKIP">
               <td width="100%" class="firstMethodCell">
                  <a onclick="toggleDetailsVisibility('com.datadriven.frame.testcases.DummyTestA_testA2_byStatus_skiped_SKIP2_details')">testA2()</a>
               </td>
               <td nowrap="true">20:47:39</td>
               <td nowrap="true" align="right">0 ms
                  
               </td>
               <td nowrap="true">
                  <a onclick="toggleDetailsVisibility('com.datadriven.frame.testcases.DummyTestA_testA2_byStatus_skiped_SKIP2_exception')">java.lang.Throwable: 
                     Method DummyTestA.testA2()[pri:2, instance:com.datadriven.frame.testcases.DummyTestA@57a78e3] depends on not successfully
                     finished methods
                     
                  </a>
                   
                  
               </td>
            </tr>
            <tr>
               <td colspan="4" class="detailsBox">
                  <div id="com.datadriven.frame.testcases.DummyTestA_testA2_byStatus_skiped_SKIP2_details"
                       class="testMethodDetails">
                     <div>
                        <b>Name: </b>testA2
                     </div>
                     <div>
                        <b>Signature: </b>testA2()[pri:2, instance:com.datadriven.frame.testcases.DummyTestA@57a78e3]
                     </div>
                     <div>
                        <b>Start time: </b>20:47:39
                     </div>
                     <div>
                        <b>End time: </b>20:47:39
                     </div>
                     <div>
                        <b>Duration: </b>0 ms
                        
                     </div>
                     <div>
                        <b>Depends on methods:
                           
                        </b>
                        <div>
                               -
                           com.datadriven.frame.testcases.DummyTestA.testA1
                        </div>
                     </div>
                  </div>
               </td>
            </tr>
            <tr>
               <td colspan="4" class="detailsBox">
                  <div id="com.datadriven.frame.testcases.DummyTestA_testA2_byStatus_skiped_SKIP2_exception"
                       class="testMethodDetails">
                     <pre style="padding: 5px; margin: 0;">java.lang.Throwable: Method DummyTestA.testA2()[pri:2, instance:com.datadriven.frame.testcases.DummyTestA@57a78e3] depends
                        on not successfully finished methods
                        	at org.testng.internal.Invoker.invokeTestMethods(Invoker.java:1033)
                        	at org.testng.internal.TestMethodWorker.invokeTestMethods(TestMethodWorker.java:125)
                        	at org.testng.internal.TestMethodWorker.run(TestMethodWorker.java:108)
                        	at org.testng.TestRunner.privateRun(TestRunner.java:774)
                        	at org.testng.TestRunner.run(TestRunner.java:624)
                        	at org.testng.SuiteRunner.runTest(SuiteRunner.java:359)
                        	at org.testng.SuiteRunner.access$000(SuiteRunner.java:39)
                        	at org.testng.SuiteRunner$SuiteWorker.run(SuiteRunner.java:393)
                        	at org.testng.internal.thread.ThreadUtil$2.call(ThreadUtil.java:64)
                        	at java.base/java.util.concurrent.FutureTask.run(FutureTask.java:264)
                        	at java.base/java.util.concurrent.ThreadPoolExecutor.runWorker(ThreadPoolExecutor.java:1135)
                        	at java.base/java.util.concurrent.ThreadPoolExecutor$Worker.run(ThreadPoolExecutor.java:635)
                        	at java.base/java.lang.Thread.run(Thread.java:844)
                     </pre>
                  </div>
               </td>
            </tr>
         </table>
      </div>
      <div id="testMethodsByClass" style="display: none;">
         <table class="testMethodsTable" cellpadding="0" cellspacing="0">
            <tr>
               <td colspan="4">
                  <h3 style="display: inline;">com.datadriven.frame.testcases.DummyTestA</h3>
               </td>
            </tr>
            <tr class="methodsTableHeader">
               <td width="100%">Name</td>
               <td nowrap="true">Started</td>
               <td nowrap="true">Duration</td>
               <td>Exception</td>
            </tr>
            <tr id="com.datadriven.frame.testcases.DummyTestA_testA1_byClass_FAIL1_row"
                class="testMethodStatusFAIL">
               <td width="100%" class="firstMethodCell">
                  <a onclick="toggleDetailsVisibility('com.datadriven.frame.testcases.DummyTestA_testA1_byClass_FAIL1_details')">testA1()</a>
               </td>
               <td nowrap="true">20:47:38</td>
               <td nowrap="true" align="right">16 ms
                  
               </td>
               <td nowrap="true">
                  <a onclick="toggleDetailsVisibility('com.datadriven.frame.testcases.DummyTestA_testA1_byClass_FAIL1_exception')">java.lang.AssertionError: 
                     null
                     
                  </a>
                   
                  
               </td>
            </tr>
            <tr>
               <td colspan="4" class="detailsBox">
                  <div id="com.datadriven.frame.testcases.DummyTestA_testA1_byClass_FAIL1_details"
                       class="testMethodDetails">
                     <div>
                        <b>Name: </b>testA1
                     </div>
                     <div>
                        <b>Signature: </b>testA1()[pri:1, instance:com.datadriven.frame.testcases.DummyTestA@57a78e3]
                     </div>
                     <div>
                        <b>Start time: </b>20:47:38
                     </div>
                     <div>
                        <b>End time: </b>20:47:38
                     </div>
                     <div>
                        <b>Duration: </b>16 ms
                        
                     </div>
                  </div>
               </td>
            </tr>
            <tr>
               <td colspan="4" class="detailsBox">
                  <div id="com.datadriven.frame.testcases.DummyTestA_testA1_byClass_FAIL1_exception"
                       class="testMethodDetails">
                     <pre style="padding: 5px; margin: 0;">java.lang.AssertionError: null
                        	at org.testng.Assert.fail(Assert.java:94)
                        	at org.testng.Assert.fail(Assert.java:101)
                        	at com.datadriven.frame.testcases.DummyTestA.testA1(DummyTestA.java:14)
                        	at java.base/jdk.internal.reflect.NativeMethodAccessorImpl.invoke0(Native Method)
                        	at java.base/jdk.internal.reflect.NativeMethodAccessorImpl.invoke(NativeMethodAccessorImpl.java:62)
                        	at java.base/jdk.internal.reflect.DelegatingMethodAccessorImpl.invoke(DelegatingMethodAccessorImpl.java:43)
                        	at java.base/java.lang.reflect.Method.invoke(Method.java:564)
                        	at org.testng.internal.MethodInvocationHelper.invokeMethod(MethodInvocationHelper.java:85)
                        	at org.testng.internal.Invoker.invokeMethod(Invoker.java:639)
                        	at org.testng.internal.Invoker.invokeTestMethod(Invoker.java:816)
                        	at org.testng.internal.Invoker.invokeTestMethods(Invoker.java:1124)
                        	at org.testng.internal.TestMethodWorker.invokeTestMethods(TestMethodWorker.java:125)
                        	at org.testng.internal.TestMethodWorker.run(TestMethodWorker.java:108)
                        	at org.testng.TestRunner.privateRun(TestRunner.java:774)
                        	at org.testng.TestRunner.run(TestRunner.java:624)
                        	at org.testng.SuiteRunner.runTest(SuiteRunner.java:359)
                        	at org.testng.SuiteRunner.access$000(SuiteRunner.java:39)
                        	at org.testng.SuiteRunner$SuiteWorker.run(SuiteRunner.java:393)
                        	at org.testng.internal.thread.ThreadUtil$2.call(ThreadUtil.java:64)
                        	at java.base/java.util.concurrent.FutureTask.run(FutureTask.java:264)
                        	at java.base/java.util.concurrent.ThreadPoolExecutor.runWorker(ThreadPoolExecutor.java:1135)
                        	at java.base/java.util.concurrent.ThreadPoolExecutor$Worker.run(ThreadPoolExecutor.java:635)
                        	at java.base/java.lang.Thread.run(Thread.java:844)
                     </pre>
                  </div>
               </td>
            </tr>
            <tr id="com.datadriven.frame.testcases.DummyTestA_quit_byClass_PASS2_row"
                class="testMethodStatusPASS testMethodStatusCONF">
               <td width="100%" class="firstMethodCell">
                  <a onclick="toggleDetailsVisibility('com.datadriven.frame.testcases.DummyTestA_quit_byClass_PASS2_details')">quit()</a>
               </td>
               <td nowrap="true">20:47:38</td>
               <td nowrap="true" align="right">687 ms
                  
               </td>
               <td nowrap="true">
                   
                  
               </td>
            </tr>
            <tr>
               <td colspan="4" class="detailsBox">
                  <div id="com.datadriven.frame.testcases.DummyTestA_quit_byClass_PASS2_details"
                       class="testMethodDetails">
                     <div>
                        <b>Name: </b>quit
                     </div>
                     <div>
                        <b>Signature: </b>quit()[pri:0, instance:com.datadriven.frame.testcases.DummyTestA@57a78e3]
                     </div>
                     <div>
                        <b>Start time: </b>20:47:38
                     </div>
                     <div>
                        <b>End time: </b>20:47:39
                     </div>
                     <div>
                        <b>Duration: </b>687 ms
                        
                     </div>
                  </div>
               </td>
            </tr>
            <tr></tr>
            <tr id="com.datadriven.frame.testcases.DummyTestA_testA3_byClass_SKIP3_row"
                class="testMethodStatusSKIP">
               <td width="100%" class="firstMethodCell">
                  <a onclick="toggleDetailsVisibility('com.datadriven.frame.testcases.DummyTestA_testA3_byClass_SKIP3_details')">testA3()</a>
               </td>
               <td nowrap="true">20:47:39</td>
               <td nowrap="true" align="right">0 ms
                  
               </td>
               <td nowrap="true">
                  <a onclick="toggleDetailsVisibility('com.datadriven.frame.testcases.DummyTestA_testA3_byClass_SKIP3_exception')">java.lang.Throwable: 
                     Method DummyTestA.testA3()[pri:3, instance:com.datadriven.frame.testcases.DummyTestA@57a78e3] depends on not successfully
                     finished methods
                     
                  </a>
                   
                  
               </td>
            </tr>
            <tr>
               <td colspan="4" class="detailsBox">
                  <div id="com.datadriven.frame.testcases.DummyTestA_testA3_byClass_SKIP3_details"
                       class="testMethodDetails">
                     <div>
                        <b>Name: </b>testA3
                     </div>
                     <div>
                        <b>Signature: </b>testA3()[pri:3, instance:com.datadriven.frame.testcases.DummyTestA@57a78e3]
                     </div>
                     <div>
                        <b>Start time: </b>20:47:39
                     </div>
                     <div>
                        <b>End time: </b>20:47:39
                     </div>
                     <div>
                        <b>Duration: </b>0 ms
                        
                     </div>
                     <div>
                        <b>Depends on methods:
                           
                        </b>
                        <div>
                               -
                           com.datadriven.frame.testcases.DummyTestA.testA2
                        </div>
                        <div>
                               -
                            com.datadriven.frame.testcases.DummyTestA.testA1
                        </div>
                     </div>
                  </div>
               </td>
            </tr>
            <tr>
               <td colspan="4" class="detailsBox">
                  <div id="com.datadriven.frame.testcases.DummyTestA_testA3_byClass_SKIP3_exception"
                       class="testMethodDetails">
                     <pre style="padding: 5px; margin: 0;">java.lang.Throwable: Method DummyTestA.testA3()[pri:3, instance:com.datadriven.frame.testcases.DummyTestA@57a78e3] depends
                        on not successfully finished methods
                        	at org.testng.internal.Invoker.invokeTestMethods(Invoker.java:1033)
                        	at org.testng.internal.TestMethodWorker.invokeTestMethods(TestMethodWorker.java:125)
                        	at org.testng.internal.TestMethodWorker.run(TestMethodWorker.java:108)
                        	at org.testng.TestRunner.privateRun(TestRunner.java:774)
                        	at org.testng.TestRunner.run(TestRunner.java:624)
                        	at org.testng.SuiteRunner.runTest(SuiteRunner.java:359)
                        	at org.testng.SuiteRunner.access$000(SuiteRunner.java:39)
                        	at org.testng.SuiteRunner$SuiteWorker.run(SuiteRunner.java:393)
                        	at org.testng.internal.thread.ThreadUtil$2.call(ThreadUtil.java:64)
                        	at java.base/java.util.concurrent.FutureTask.run(FutureTask.java:264)
                        	at java.base/java.util.concurrent.ThreadPoolExecutor.runWorker(ThreadPoolExecutor.java:1135)
                        	at java.base/java.util.concurrent.ThreadPoolExecutor$Worker.run(ThreadPoolExecutor.java:635)
                        	at java.base/java.lang.Thread.run(Thread.java:844)
                     </pre>
                  </div>
               </td>
            </tr>
            <tr id="com.datadriven.frame.testcases.DummyTestA_testA2_byClass_SKIP4_row"
                class="testMethodStatusSKIP">
               <td width="100%" class="firstMethodCell">
                  <a onclick="toggleDetailsVisibility('com.datadriven.frame.testcases.DummyTestA_testA2_byClass_SKIP4_details')">testA2()</a>
               </td>
               <td nowrap="true">20:47:39</td>
               <td nowrap="true" align="right">0 ms
                  
               </td>
               <td nowrap="true">
                  <a onclick="toggleDetailsVisibility('com.datadriven.frame.testcases.DummyTestA_testA2_byClass_SKIP4_exception')">java.lang.Throwable: 
                     Method DummyTestA.testA2()[pri:2, instance:com.datadriven.frame.testcases.DummyTestA@57a78e3] depends on not successfully
                     finished methods
                     
                  </a>
                   
                  
               </td>
            </tr>
            <tr>
               <td colspan="4" class="detailsBox">
                  <div id="com.datadriven.frame.testcases.DummyTestA_testA2_byClass_SKIP4_details"
                       class="testMethodDetails">
                     <div>
                        <b>Name: </b>testA2
                     </div>
                     <div>
                        <b>Signature: </b>testA2()[pri:2, instance:com.datadriven.frame.testcases.DummyTestA@57a78e3]
                     </div>
                     <div>
                        <b>Start time: </b>20:47:39
                     </div>
                     <div>
                        <b>End time: </b>20:47:39
                     </div>
                     <div>
                        <b>Duration: </b>0 ms
                        
                     </div>
                     <div>
                        <b>Depends on methods:
                           
                        </b>
                        <div>
                               -
                           com.datadriven.frame.testcases.DummyTestA.testA1
                        </div>
                     </div>
                  </div>
               </td>
            </tr>
            <tr>
               <td colspan="4" class="detailsBox">
                  <div id="com.datadriven.frame.testcases.DummyTestA_testA2_byClass_SKIP4_exception"
                       class="testMethodDetails">
                     <pre style="padding: 5px; margin: 0;">java.lang.Throwable: Method DummyTestA.testA2()[pri:2, instance:com.datadriven.frame.testcases.DummyTestA@57a78e3] depends
                        on not successfully finished methods
                        	at org.testng.internal.Invoker.invokeTestMethods(Invoker.java:1033)
                        	at org.testng.internal.TestMethodWorker.invokeTestMethods(TestMethodWorker.java:125)
                        	at org.testng.internal.TestMethodWorker.run(TestMethodWorker.java:108)
                        	at org.testng.TestRunner.privateRun(TestRunner.java:774)
                        	at org.testng.TestRunner.run(TestRunner.java:624)
                        	at org.testng.SuiteRunner.runTest(SuiteRunner.java:359)
                        	at org.testng.SuiteRunner.access$000(SuiteRunner.java:39)
                        	at org.testng.SuiteRunner$SuiteWorker.run(SuiteRunner.java:393)
                        	at org.testng.internal.thread.ThreadUtil$2.call(ThreadUtil.java:64)
                        	at java.base/java.util.concurrent.FutureTask.run(FutureTask.java:264)
                        	at java.base/java.util.concurrent.ThreadPoolExecutor.runWorker(ThreadPoolExecutor.java:1135)
                        	at java.base/java.util.concurrent.ThreadPoolExecutor$Worker.run(ThreadPoolExecutor.java:635)
                        	at java.base/java.lang.Thread.run(Thread.java:844)
                     </pre>
                  </div>
               </td>
            </tr>
         </table>
         <br></br>
      </div>
      <div style="margin-top: 15px; color: gray; text-align: center; font-size: 9px;">
         Generated with
         
         <a href="http://code.google.com/p/testng-xslt/" style="color: #8888aa;"
            target="_blank">
            TestNG XSLT
            
         </a>
      </div>
   </body>
</html>