<html xmlns:math="http://exslt.org/math" xmlns:testng="http://testng.org">
   <head>
      <title>TestNG Results</title>
      <meta http-equiv="content-type" content="text/html; charset=utf-8"></meta>
      <meta http-equiv="pragma" content="no-cache"></meta>
      <meta http-equiv="cache-control" content="max-age=0"></meta>
      <meta http-equiv="cache-control" content="no-cache"></meta>
      <meta http-equiv="cache-control" content="no-store"></meta>
      <LINK rel="stylesheet" href="style.css"></LINK>
      <script type="text/javascript" src="main.js"></script>
   </head>
   <body>
      <table width="100%" style="font-size: 16px; margin-bottom: 10px;" cellspacing="1">
         <tr>
            <td width="100%">
               Test case
               
               <b>Test1</b>
            </td>
            <td style="background-color: #FFBBBB; padding: 3px 3px 3px 0;" align="center">
               <div style="width: 50px;">1</div>
            </td>
            <td style="background-color: lightgreen; padding: 3px 3px 3px 0;" align="center">
               <div style="width: 50px;">0</div>
            </td>
            <td style="background-color: #FFFFBB; padding: 3px 3px 3px 0;" align="center">
               <div style="width: 50px;">0</div>
            </td>
            <td align="center" style="background-color: #eaf0f7; padding: 3px 3px 3px 0;">
               <div style="width: 50px;">1</div>
            </td>
            <td align="center"
                style="font-weight: bold; background-color: #eaf0f7; padding: 3px 3px 3px 0;">
               <div style="width: 50px;">0%</div>
            </td>
            <td style="background-color: #eaf0f7; padding: 3px 3px 3px 0;" align="center"
                nowrap="true">3m
               38s
               
            </td>
         </tr>
      </table>
      <div style="width: 200px;">
         <label for="groupMethodsCheckBox" style="font-weight: bold; margin: 0;">
            <input id="groupMethodsCheckBox" type="checkbox" onclick="switchTestMethodsView(this)"></input>
            Group by class
            
         </label>
         <br></br>
         <label for="methodsFilter_ALL" style="font-weight: bold; margin: 0;">
            <input id="methodsFilter_ALL" type="checkbox"
                   onclick="testMethodsFilterChanged(this, 'ALL')"></input>
            All
            
         </label>
      </div>
      <label for="methodsFilter_FAIL" style="margin-left: 20px;">
         <input id="methodsFilter_FAIL" type="checkbox"
                onclick="testMethodsFilterChanged(this, 'FAIL')"
                checked=""></input>
         Failed
         
      </label>
      <label for="methodsFilter_PASS">
         <input id="methodsFilter_PASS" type="checkbox"
                onclick="testMethodsFilterChanged(this, 'PASS')"
                checked=""></input>
         Passed
         
      </label>
      <label for="methodsFilter_SKIP">
         <input id="methodsFilter_SKIP" type="checkbox"
                onclick="testMethodsFilterChanged(this, 'SKIP')"
                checked=""></input>
         Skipped
         
      </label>
      <label for="methodsFilter_CONF">
         <input id="methodsFilter_CONF" type="checkbox"
                onclick="testMethodsFilterChanged(this, 'CONF')"></input>
         Config
         
      </label>
      <br></br>
      <div id="testMethodsByStatus">
         <table class="testMethodsTable" cellpadding="0" cellspacing="0">
            <tr class="methodsTableHeader">
               <td width="100%">Name</td>
               <td nowrap="true">Started</td>
               <td nowrap="true">Duration</td>
               <td>Exception</td>
            </tr>
            <tr id="HollandCRM_Prod_Smoke.Access_Project_Projectlist_Sales_Access_Project_Projectlist_Sales_byStatus_failed_FAIL1_row"
                class="testMethodStatusFAIL">
               <td width="100%" class="firstMethodCell">
                  <a onclick="toggleDetailsVisibility('HollandCRM_Prod_Smoke.Access_Project_Projectlist_Sales_Access_Project_Projectlist_Sales_byStatus_failed_FAIL1_details')">Access_Project_Projectlist_Sales({Username=A2, Password=A3, Runmode=Y, Browser=Chrome})</a>
               </td>
               <td nowrap="true">10:12:50</td>
               <td nowrap="true" align="right">2m
                  20s
                  
               </td>
               <td nowrap="true">
                  <a onclick="toggleDetailsVisibility('HollandCRM_Prod_Smoke.Access_Project_Projectlist_Sales_Access_Project_Projectlist_Sales_byStatus_failed_FAIL1_exception')">java.lang.AssertionError: 
                     no such element: Unable to locate element: {"method":"xpath","selector":"//*[@id='id-cell-1-1']"}
                     (Session info: chrome=75.0.3770.100)
                     (Driver info: chromedriver=2.41.578737 (49da6702b16031c40d63e5618de03a32ff6c197e),platform=Windows NT 10.0.17134 x86_64) (WARNING:
                     The server did not provide any stacktrace information)
                     Command duration or timeout: 20.05 seconds
                     For documentation on this error, please visit: http://seleniumhq.org/exceptions/no_such_element.html
                     Build info: version: '2.52.0', revision: '4c2593c', time: '2016-02-11 19:06:42'
                     System info: host: 'IS54', ip: '192.168.1.19', os.name: 'Windows 10', os.arch: 'amd64', os.version: '10.0', java.version:
                     '10.0.2'
                     Driver info: org.openqa.selenium.chrome.ChromeDriver
                     Capabilities [{mobileEmulationEnabled=false, hasTouchScreen=false, platform=XP, acceptSslCerts=false, goog:chromeOptions={debuggerAddress=localhost:53705},
                     acceptInsecureCerts=false, webStorageEnabled=true, browserName=chrome, takesScreenshot=true, javascriptEnabled=true, setWindowRect=true,
                     unexpectedAlertBehaviour=, applicationCacheEnabled=false, rotatable=false, networkConnectionEnabled=false, chrome={chromedriverVersion=2.41.578737
                     (49da6702b16031c40d63e5618de03a32ff6c197e), userDataDir=C:\Users\KPatel\AppData\Local\Temp\scoped_dir15032_21094}, takesHeapSnapshot=true,
                     pageLoadStrategy=normal, databaseEnabled=false, handlesAlerts=true, version=75.0.3770.100, browserConnectionEnabled=false,
                     nativeEvents=true, locationContextEnabled=true, cssSelectorsEnabled=true}]
                     Session ID: ee82f5d3d063f03ffb0c489765038750
                     *** Element info: {Using=xpath, value=//*[@id='id-cell-1-1']}
                     
                  </a>
                  Â 
                  
               </td>
            </tr>
            <tr>
               <td colspan="4" class="detailsBox">
                  <div id="HollandCRM_Prod_Smoke.Access_Project_Projectlist_Sales_Access_Project_Projectlist_Sales_byStatus_failed_FAIL1_details"
                       class="testMethodDetails">
                     <div>
                        <b>Name: </b>Access_Project_Projectlist_Sales
                     </div>
                     <div>
                        <b>Signature: </b>Access_Project_Projectlist_Sales(java.util.Hashtable)[pri:1, instance:HollandCRM_Prod_Smoke.Access_Project_Projectlist_Sales@6440112d]
                     </div>
                     <div>
                        <b>Parameters: </b>
                        
                        {Username=A2, Password=A3, Runmode=Y, Browser=Chrome}
                        
                        
                     </div>
                     <div>
                        <b>Start time: </b>10:12:50
                     </div>
                     <div>
                        <b>End time: </b>10:15:10
                     </div>
                     <div>
                        <b>Duration: </b>2m
                        20s
                        
                     </div>
                  </div>
               </td>
            </tr>
            <tr>
               <td colspan="4" class="detailsBox">
                  <div id="HollandCRM_Prod_Smoke.Access_Project_Projectlist_Sales_Access_Project_Projectlist_Sales_byStatus_failed_FAIL1_exception"
                       class="testMethodDetails">
                     <pre style="padding: 5px; margin: 0;">java.lang.AssertionError: no such element: Unable to locate element: {"method":"xpath","selector":"//*[@id='id-cell-1-1']"}
                        (Session info: chrome=75.0.3770.100)
                        (Driver info: chromedriver=2.41.578737 (49da6702b16031c40d63e5618de03a32ff6c197e),platform=Windows NT 10.0.17134 x86_64) (WARNING:
                        The server did not provide any stacktrace information)
                        Command duration or timeout: 20.05 seconds
                        For documentation on this error, please visit: http://seleniumhq.org/exceptions/no_such_element.html
                        Build info: version: '2.52.0', revision: '4c2593c', time: '2016-02-11 19:06:42'
                        System info: host: 'IS54', ip: '192.168.1.19', os.name: 'Windows 10', os.arch: 'amd64', os.version: '10.0', java.version:
                        '10.0.2'
                        Driver info: org.openqa.selenium.chrome.ChromeDriver
                        Capabilities [{mobileEmulationEnabled=false, hasTouchScreen=false, platform=XP, acceptSslCerts=false, goog:chromeOptions={debuggerAddress=localhost:53705},
                        acceptInsecureCerts=false, webStorageEnabled=true, browserName=chrome, takesScreenshot=true, javascriptEnabled=true, setWindowRect=true,
                        unexpectedAlertBehaviour=, applicationCacheEnabled=false, rotatable=false, networkConnectionEnabled=false, chrome={chromedriverVersion=2.41.578737
                        (49da6702b16031c40d63e5618de03a32ff6c197e), userDataDir=C:\Users\KPatel\AppData\Local\Temp\scoped_dir15032_21094}, takesHeapSnapshot=true,
                        pageLoadStrategy=normal, databaseEnabled=false, handlesAlerts=true, version=75.0.3770.100, browserConnectionEnabled=false,
                        nativeEvents=true, locationContextEnabled=true, cssSelectorsEnabled=true}]
                        Session ID: ee82f5d3d063f03ffb0c489765038750
                        *** Element info: {Using=xpath, value=//*[@id='id-cell-1-1']}
                        	at org.testng.Assert.fail(Assert.java:94)
                        	at com.datadriven.frame.base.BaseTest.reportFailure(BaseTest.java:311)
                        	at com.datadriven.frame.base.BaseTest.getElement(BaseTest.java:250)
                        	at com.datadriven.frame.base.BaseTest.click(BaseTest.java:172)
                        	at HollandCRM_Prod_Smoke.Access_Project_Projectlist_Sales.Access_Project_Projectlist_Sales(Access_Project_Projectlist_Sales.java:70)
                        	at java.base/jdk.internal.reflect.NativeMethodAccessorImpl.invoke0(Native Method)
                        	at java.base/jdk.internal.reflect.NativeMethodAccessorImpl.invoke(NativeMethodAccessorImpl.java:62)
                        	at java.base/jdk.internal.reflect.DelegatingMethodAccessorImpl.invoke(DelegatingMethodAccessorImpl.java:43)
                        	at java.base/java.lang.reflect.Method.invoke(Method.java:564)
                        	at org.testng.internal.MethodInvocationHelper.invokeMethod(MethodInvocationHelper.java:85)
                        	at org.testng.internal.Invoker.invokeMethod(Invoker.java:639)
                        	at org.testng.internal.Invoker.invokeTestMethod(Invoker.java:816)
                        	at org.testng.internal.TestMethodWithDataProviderMethodWorker.call(TestMethodWithDataProviderMethodWorker.java:75)
                        	at org.testng.internal.TestMethodWithDataProviderMethodWorker.call(TestMethodWithDataProviderMethodWorker.java:14)
                        	at java.base/java.util.concurrent.FutureTask.run(FutureTask.java:264)
                        	at java.base/java.util.concurrent.Executors$RunnableAdapter.call(Executors.java:514)
                        	at java.base/java.util.concurrent.FutureTask.run(FutureTask.java:264)
                        	at java.base/java.util.concurrent.ThreadPoolExecutor.runWorker(ThreadPoolExecutor.java:1135)
                        	at java.base/java.util.concurrent.ThreadPoolExecutor$Worker.run(ThreadPoolExecutor.java:635)
                        	at java.base/java.lang.Thread.run(Thread.java:844)
                     </pre>
                  </div>
               </td>
            </tr>
            <tr id="HollandCRM_Prod_Smoke.Access_Project_Projectlist_Sales_init_byStatus_passed_PASS1_row"
                class="testMethodStatusPASS testMethodStatusCONF">
               <td width="100%" class="firstMethodCell">
                  <a onclick="toggleDetailsVisibility('HollandCRM_Prod_Smoke.Access_Project_Projectlist_Sales_init_byStatus_passed_PASS1_details')">init()</a>
               </td>
               <td nowrap="true">10:12:50</td>
               <td nowrap="true" align="right">4Â ms
                  
               </td>
               <td nowrap="true">
                  Â 
                  
               </td>
            </tr>
            <tr>
               <td colspan="4" class="detailsBox">
                  <div id="HollandCRM_Prod_Smoke.Access_Project_Projectlist_Sales_init_byStatus_passed_PASS1_details"
                       class="testMethodDetails">
                     <div>
                        <b>Name: </b>init
                     </div>
                     <div>
                        <b>Signature: </b>init()[pri:0, instance:HollandCRM_Prod_Smoke.Access_Project_Projectlist_Sales@6440112d]
                     </div>
                     <div>
                        <b>Start time: </b>10:12:50
                     </div>
                     <div>
                        <b>End time: </b>10:12:50
                     </div>
                     <div>
                        <b>Duration: </b>4Â ms
                        
                     </div>
                  </div>
               </td>
            </tr>
            <tr></tr>
            <tr id="HollandCRM_Prod_Smoke.Access_Project_Projectlist_Sales_quit_byStatus_passed_PASS2_row"
                class="testMethodStatusPASS testMethodStatusCONF">
               <td width="100%" class="firstMethodCell">
                  <a onclick="toggleDetailsVisibility('HollandCRM_Prod_Smoke.Access_Project_Projectlist_Sales_quit_byStatus_passed_PASS2_details')">quit()</a>
               </td>
               <td nowrap="true">10:15:10</td>
               <td nowrap="true" align="right">14s
                  
               </td>
               <td nowrap="true">
                  Â 
                  
               </td>
            </tr>
            <tr>
               <td colspan="4" class="detailsBox">
                  <div id="HollandCRM_Prod_Smoke.Access_Project_Projectlist_Sales_quit_byStatus_passed_PASS2_details"
                       class="testMethodDetails">
                     <div>
                        <b>Name: </b>quit
                     </div>
                     <div>
                        <b>Signature: </b>quit()[pri:0, instance:HollandCRM_Prod_Smoke.Access_Project_Projectlist_Sales@6440112d]
                     </div>
                     <div>
                        <b>Start time: </b>10:15:10
                     </div>
                     <div>
                        <b>End time: </b>10:15:24
                     </div>
                     <div>
                        <b>Duration: </b>14s
                        
                     </div>
                  </div>
               </td>
            </tr>
            <tr></tr>
         </table>
      </div>
      <div id="testMethodsByClass" style="display: none;">
         <table class="testMethodsTable" cellpadding="0" cellspacing="0">
            <tr>
               <td colspan="4">
                  <h3 style="display: inline;">HollandCRM_Prod_Smoke.Access_Project_Projectlist_Sales</h3>
               </td>
            </tr>
            <tr class="methodsTableHeader">
               <td width="100%">Name</td>
               <td nowrap="true">Started</td>
               <td nowrap="true">Duration</td>
               <td>Exception</td>
            </tr>
            <tr id="HollandCRM_Prod_Smoke.Access_Project_Projectlist_Sales_init_byClass_PASS1_row"
                class="testMethodStatusPASS testMethodStatusCONF">
               <td width="100%" class="firstMethodCell">
                  <a onclick="toggleDetailsVisibility('HollandCRM_Prod_Smoke.Access_Project_Projectlist_Sales_init_byClass_PASS1_details')">init()</a>
               </td>
               <td nowrap="true">10:12:50</td>
               <td nowrap="true" align="right">4Â ms
                  
               </td>
               <td nowrap="true">
                  Â 
                  
               </td>
            </tr>
            <tr>
               <td colspan="4" class="detailsBox">
                  <div id="HollandCRM_Prod_Smoke.Access_Project_Projectlist_Sales_init_byClass_PASS1_details"
                       class="testMethodDetails">
                     <div>
                        <b>Name: </b>init
                     </div>
                     <div>
                        <b>Signature: </b>init()[pri:0, instance:HollandCRM_Prod_Smoke.Access_Project_Projectlist_Sales@6440112d]
                     </div>
                     <div>
                        <b>Start time: </b>10:12:50
                     </div>
                     <div>
                        <b>End time: </b>10:12:50
                     </div>
                     <div>
                        <b>Duration: </b>4Â ms
                        
                     </div>
                  </div>
               </td>
            </tr>
            <tr></tr>
            <tr id="HollandCRM_Prod_Smoke.Access_Project_Projectlist_Sales_Access_Project_Projectlist_Sales_byClass_FAIL2_row"
                class="testMethodStatusFAIL">
               <td width="100%" class="firstMethodCell">
                  <a onclick="toggleDetailsVisibility('HollandCRM_Prod_Smoke.Access_Project_Projectlist_Sales_Access_Project_Projectlist_Sales_byClass_FAIL2_details')">Access_Project_Projectlist_Sales({Username=A2, Password=A3, Runmode=Y, Browser=Chrome})</a>
               </td>
               <td nowrap="true">10:12:50</td>
               <td nowrap="true" align="right">2m
                  20s
                  
               </td>
               <td nowrap="true">
                  <a onclick="toggleDetailsVisibility('HollandCRM_Prod_Smoke.Access_Project_Projectlist_Sales_Access_Project_Projectlist_Sales_byClass_FAIL2_exception')">java.lang.AssertionError: 
                     no such element: Unable to locate element: {"method":"xpath","selector":"//*[@id='id-cell-1-1']"}
                     (Session info: chrome=75.0.3770.100)
                     (Driver info: chromedriver=2.41.578737 (49da6702b16031c40d63e5618de03a32ff6c197e),platform=Windows NT 10.0.17134 x86_64) (WARNING:
                     The server did not provide any stacktrace information)
                     Command duration or timeout: 20.05 seconds
                     For documentation on this error, please visit: http://seleniumhq.org/exceptions/no_such_element.html
                     Build info: version: '2.52.0', revision: '4c2593c', time: '2016-02-11 19:06:42'
                     System info: host: 'IS54', ip: '192.168.1.19', os.name: 'Windows 10', os.arch: 'amd64', os.version: '10.0', java.version:
                     '10.0.2'
                     Driver info: org.openqa.selenium.chrome.ChromeDriver
                     Capabilities [{mobileEmulationEnabled=false, hasTouchScreen=false, platform=XP, acceptSslCerts=false, goog:chromeOptions={debuggerAddress=localhost:53705},
                     acceptInsecureCerts=false, webStorageEnabled=true, browserName=chrome, takesScreenshot=true, javascriptEnabled=true, setWindowRect=true,
                     unexpectedAlertBehaviour=, applicationCacheEnabled=false, rotatable=false, networkConnectionEnabled=false, chrome={chromedriverVersion=2.41.578737
                     (49da6702b16031c40d63e5618de03a32ff6c197e), userDataDir=C:\Users\KPatel\AppData\Local\Temp\scoped_dir15032_21094}, takesHeapSnapshot=true,
                     pageLoadStrategy=normal, databaseEnabled=false, handlesAlerts=true, version=75.0.3770.100, browserConnectionEnabled=false,
                     nativeEvents=true, locationContextEnabled=true, cssSelectorsEnabled=true}]
                     Session ID: ee82f5d3d063f03ffb0c489765038750
                     *** Element info: {Using=xpath, value=//*[@id='id-cell-1-1']}
                     
                  </a>
                  Â 
                  
               </td>
            </tr>
            <tr>
               <td colspan="4" class="detailsBox">
                  <div id="HollandCRM_Prod_Smoke.Access_Project_Projectlist_Sales_Access_Project_Projectlist_Sales_byClass_FAIL2_details"
                       class="testMethodDetails">
                     <div>
                        <b>Name: </b>Access_Project_Projectlist_Sales
                     </div>
                     <div>
                        <b>Signature: </b>Access_Project_Projectlist_Sales(java.util.Hashtable)[pri:1, instance:HollandCRM_Prod_Smoke.Access_Project_Projectlist_Sales@6440112d]
                     </div>
                     <div>
                        <b>Parameters: </b>
                        
                        {Username=A2, Password=A3, Runmode=Y, Browser=Chrome}
                        
                        
                     </div>
                     <div>
                        <b>Start time: </b>10:12:50
                     </div>
                     <div>
                        <b>End time: </b>10:15:10
                     </div>
                     <div>
                        <b>Duration: </b>2m
                        20s
                        
                     </div>
                  </div>
               </td>
            </tr>
            <tr>
               <td colspan="4" class="detailsBox">
                  <div id="HollandCRM_Prod_Smoke.Access_Project_Projectlist_Sales_Access_Project_Projectlist_Sales_byClass_FAIL2_exception"
                       class="testMethodDetails">
                     <pre style="padding: 5px; margin: 0;">java.lang.AssertionError: no such element: Unable to locate element: {"method":"xpath","selector":"//*[@id='id-cell-1-1']"}
                        (Session info: chrome=75.0.3770.100)
                        (Driver info: chromedriver=2.41.578737 (49da6702b16031c40d63e5618de03a32ff6c197e),platform=Windows NT 10.0.17134 x86_64) (WARNING:
                        The server did not provide any stacktrace information)
                        Command duration or timeout: 20.05 seconds
                        For documentation on this error, please visit: http://seleniumhq.org/exceptions/no_such_element.html
                        Build info: version: '2.52.0', revision: '4c2593c', time: '2016-02-11 19:06:42'
                        System info: host: 'IS54', ip: '192.168.1.19', os.name: 'Windows 10', os.arch: 'amd64', os.version: '10.0', java.version:
                        '10.0.2'
                        Driver info: org.openqa.selenium.chrome.ChromeDriver
                        Capabilities [{mobileEmulationEnabled=false, hasTouchScreen=false, platform=XP, acceptSslCerts=false, goog:chromeOptions={debuggerAddress=localhost:53705},
                        acceptInsecureCerts=false, webStorageEnabled=true, browserName=chrome, takesScreenshot=true, javascriptEnabled=true, setWindowRect=true,
                        unexpectedAlertBehaviour=, applicationCacheEnabled=false, rotatable=false, networkConnectionEnabled=false, chrome={chromedriverVersion=2.41.578737
                        (49da6702b16031c40d63e5618de03a32ff6c197e), userDataDir=C:\Users\KPatel\AppData\Local\Temp\scoped_dir15032_21094}, takesHeapSnapshot=true,
                        pageLoadStrategy=normal, databaseEnabled=false, handlesAlerts=true, version=75.0.3770.100, browserConnectionEnabled=false,
                        nativeEvents=true, locationContextEnabled=true, cssSelectorsEnabled=true}]
                        Session ID: ee82f5d3d063f03ffb0c489765038750
                        *** Element info: {Using=xpath, value=//*[@id='id-cell-1-1']}
                        	at org.testng.Assert.fail(Assert.java:94)
                        	at com.datadriven.frame.base.BaseTest.reportFailure(BaseTest.java:311)
                        	at com.datadriven.frame.base.BaseTest.getElement(BaseTest.java:250)
                        	at com.datadriven.frame.base.BaseTest.click(BaseTest.java:172)
                        	at HollandCRM_Prod_Smoke.Access_Project_Projectlist_Sales.Access_Project_Projectlist_Sales(Access_Project_Projectlist_Sales.java:70)
                        	at java.base/jdk.internal.reflect.NativeMethodAccessorImpl.invoke0(Native Method)
                        	at java.base/jdk.internal.reflect.NativeMethodAccessorImpl.invoke(NativeMethodAccessorImpl.java:62)
                        	at java.base/jdk.internal.reflect.DelegatingMethodAccessorImpl.invoke(DelegatingMethodAccessorImpl.java:43)
                        	at java.base/java.lang.reflect.Method.invoke(Method.java:564)
                        	at org.testng.internal.MethodInvocationHelper.invokeMethod(MethodInvocationHelper.java:85)
                        	at org.testng.internal.Invoker.invokeMethod(Invoker.java:639)
                        	at org.testng.internal.Invoker.invokeTestMethod(Invoker.java:816)
                        	at org.testng.internal.TestMethodWithDataProviderMethodWorker.call(TestMethodWithDataProviderMethodWorker.java:75)
                        	at org.testng.internal.TestMethodWithDataProviderMethodWorker.call(TestMethodWithDataProviderMethodWorker.java:14)
                        	at java.base/java.util.concurrent.FutureTask.run(FutureTask.java:264)
                        	at java.base/java.util.concurrent.Executors$RunnableAdapter.call(Executors.java:514)
                        	at java.base/java.util.concurrent.FutureTask.run(FutureTask.java:264)
                        	at java.base/java.util.concurrent.ThreadPoolExecutor.runWorker(ThreadPoolExecutor.java:1135)
                        	at java.base/java.util.concurrent.ThreadPoolExecutor$Worker.run(ThreadPoolExecutor.java:635)
                        	at java.base/java.lang.Thread.run(Thread.java:844)
                     </pre>
                  </div>
               </td>
            </tr>
            <tr id="HollandCRM_Prod_Smoke.Access_Project_Projectlist_Sales_quit_byClass_PASS3_row"
                class="testMethodStatusPASS testMethodStatusCONF">
               <td width="100%" class="firstMethodCell">
                  <a onclick="toggleDetailsVisibility('HollandCRM_Prod_Smoke.Access_Project_Projectlist_Sales_quit_byClass_PASS3_details')">quit()</a>
               </td>
               <td nowrap="true">10:15:10</td>
               <td nowrap="true" align="right">14s
                  
               </td>
               <td nowrap="true">
                  Â 
                  
               </td>
            </tr>
            <tr>
               <td colspan="4" class="detailsBox">
                  <div id="HollandCRM_Prod_Smoke.Access_Project_Projectlist_Sales_quit_byClass_PASS3_details"
                       class="testMethodDetails">
                     <div>
                        <b>Name: </b>quit
                     </div>
                     <div>
                        <b>Signature: </b>quit()[pri:0, instance:HollandCRM_Prod_Smoke.Access_Project_Projectlist_Sales@6440112d]
                     </div>
                     <div>
                        <b>Start time: </b>10:15:10
                     </div>
                     <div>
                        <b>End time: </b>10:15:24
                     </div>
                     <div>
                        <b>Duration: </b>14s
                        
                     </div>
                  </div>
               </td>
            </tr>
            <tr></tr>
         </table>
         <br></br>
      </div>
      <div style="margin-top: 15px; color: gray; text-align: center; font-size: 9px;">
         Generated with
         
         <a href="http://code.google.com/p/testng-xslt/" style="color: #8888aa;"
            target="_blank">
            TestNG XSLT
            
         </a>
      </div>
   </body>
</html>