<?xml version="1.0" encoding="UTF-8"?>
<!-- Generated by org.testng.reporters.JUnitXMLReporter -->
<testsuite hostname="IS54" failures="2" tests="4" name="Test7" time="5.193" errors="0" timestamp="21 Jan 2019 16:32:29 GMT">
  <testcase classname="HollandCRM_Prod_Smoke.AccountInformationUnderSales" name="@AfterTest quit" time="0.0">
    <failure type="java.lang.NullPointerException">
      <![CDATA[java.lang.NullPointerException
	at com.datadriven.frame.base.BaseTest.DefaultLanding(BaseTest.java:332)
	at com.datadriven.frame.base.BaseTest.signOut(BaseTest.java:418)
	at HollandCRM_Prod_Smoke.AccountInformationUnderSales.quit(AccountInformationUnderSales.java:138)
	at java.base/java.util.concurrent.FutureTask.run(FutureTask.java:264)
	at java.base/java.util.concurrent.ThreadPoolExecutor.runWorker(ThreadPoolExecutor.java:1135)
	at java.base/java.util.concurrent.ThreadPoolExecutor$Worker.run(ThreadPoolExecutor.java:635)
	at java.base/java.lang.Thread.run(Thread.java:844)
... Removed 14 stack frames]]>
    </failure>
  </testcase> <!-- @AfterTest quit -->
  <testcase classname="HollandCRM_Prod_Smoke.AccountInformationUnderSales" name="Validate_AccessToAccountListUnderSales" time="2.084">
    <failure type="java.lang.NullPointerException">
      <![CDATA[java.lang.NullPointerException
	at com.datadriven.frame.base.BaseTest.openBrowser(BaseTest.java:156)
	at HollandCRM_Prod_Smoke.AccountInformationUnderSales.Validate_AccessToAccountListUnderSales(AccountInformationUnderSales.java:48)
	at java.base/java.util.concurrent.FutureTask.run(FutureTask.java:264)
	at java.base/java.util.concurrent.Executors$RunnableAdapter.call(Executors.java:514)
	at java.base/java.util.concurrent.FutureTask.run(FutureTask.java:264)
	at java.base/java.util.concurrent.ThreadPoolExecutor.runWorker(ThreadPoolExecutor.java:1135)
	at java.base/java.util.concurrent.ThreadPoolExecutor$Worker.run(ThreadPoolExecutor.java:635)
	at java.base/java.lang.Thread.run(Thread.java:844)
... Removed 9 stack frames]]>
    </failure>
  </testcase> <!-- Validate_AccessToAccountListUnderSales -->
  <testcase classname="HollandCRM_Prod_Smoke.AccountInformationUnderSales" name="Validate_AccountInformation_Displayed_AccountListUnderSales" time="0.0">
    <failure type="java.lang.NullPointerException">
      <![CDATA[java.lang.NullPointerException
	at com.datadriven.frame.base.BaseTest.DefaultLanding(BaseTest.java:332)
	at HollandCRM_Prod_Smoke.AccountInformationUnderSales.Validate_AccountInformation_Displayed_AccountListUnderSales(AccountInformationUnderSales.java:78)
	at java.base/java.util.concurrent.FutureTask.run(FutureTask.java:264)
	at java.base/java.util.concurrent.Executors$RunnableAdapter.call(Executors.java:514)
	at java.base/java.util.concurrent.FutureTask.run(FutureTask.java:264)
	at java.base/java.util.concurrent.ThreadPoolExecutor.runWorker(ThreadPoolExecutor.java:1135)
	at java.base/java.util.concurrent.ThreadPoolExecutor$Worker.run(ThreadPoolExecutor.java:635)
	at java.base/java.lang.Thread.run(Thread.java:844)
... Removed 9 stack frames]]>
    </failure>
  </testcase> <!-- Validate_AccountInformation_Displayed_AccountListUnderSales -->
  <testcase classname="HollandCRM_Prod_Smoke.AccountInformationUnderSales" name="Validate_AccountName_Displayed_AccountListUnderSales" time="0.0">
    <skipped/>
  </testcase> <!-- Validate_AccountName_Displayed_AccountListUnderSales -->
  <testcase classname="HollandCRM_Prod_Smoke.AccountInformationUnderSales" name="AccountInformationUnderSales" time="0.0">
    <skipped/>
  </testcase> <!-- AccountInformationUnderSales -->
</testsuite> <!-- Test7 -->
