<html>
<head>
<title>TestNG:  TestB</title>
<link href="../testng.css" rel="stylesheet" type="text/css" />
<link href="../my-testng.css" rel="stylesheet" type="text/css" />

<style type="text/css">
.log { display: none;} 
.stack-trace { display: none;} 
</style>
<script type="text/javascript">
<!--
function flip(e) {
  current = e.style.display;
  if (current == 'block') {
    e.style.display = 'none';
    return 0;
  }
  else {
    e.style.display = 'block';
    return 1;
  }
}

function toggleBox(szDivId, elem, msg1, msg2)
{
  var res = -1;  if (document.getElementById) {
    res = flip(document.getElementById(szDivId));
  }
  else if (document.all) {
    // this is the way old msie versions work
    res = flip(document.all[szDivId]);
  }
  if(elem) {
    if(res == 0) elem.innerHTML = msg1; else elem.innerHTML = msg2;
  }

}

function toggleAllBoxes() {
  if (document.getElementsByTagName) {
    d = document.getElementsByTagName('div');
    for (i = 0; i < d.length; i++) {
      if (d[i].className == 'log') {
        flip(d[i]);
      }
    }
  }
}

// -->
</script>

</head>
<body>
<h2 align='center'>TestB</h2><table border='1' align="center">
<tr>
<td>Tests passed/Failed/Skipped:</td><td>0/2/0</td>
</tr><tr>
<td>Started on:</td><td>Wed Nov 21 21:02:57 CST 2018</td>
</tr>
<tr><td>Total time:</td><td>48 seconds (48990 ms)</td>
</tr><tr>
<td>Included groups:</td><td></td>
</tr><tr>
<td>Excluded groups:</td><td></td>
</tr>
</table><p/>
<small><i>(Hover the method name to see the test class name)</i></small><p/>
<table width='100%' border='1' class='invocation-failed'>
<tr><td colspan='4' align='center'><b>FAILED TESTS</b></td></tr>
<tr><td><b>Test method</b></td>
<td width="30%"><b>Exception</b></td>
<td width="10%"><b>Time (seconds)</b></td>
<td><b>Instance</b></td>
</tr>
<tr>
<td title='com.datadriven.frame.testcases.DummyTestB.Validate_NavToSelectedResource_Name_Displayed()'><b>Validate_NavToSelectedResource_Name_Displayed</b><br>Test class: com.datadriven.frame.testcases.DummyTestB</td>
<td><div><pre>java.lang.NullPointerException
	at com.datadriven.frame.testcases.DummyTestB.Validate_NavToSelectedResource_Name_Displayed(DummyTestB.java:126)
	at java.base/java.util.concurrent.FutureTask.run(FutureTask.java:264)
	at java.base/java.util.concurrent.ThreadPoolExecutor.runWorker(ThreadPoolExecutor.java:1135)
	at java.base/java.util.concurrent.ThreadPoolExecutor$Worker.run(ThreadPoolExecutor.java:635)
	at java.base/java.lang.Thread.run(Thread.java:844)
... Removed 16 stack frames</pre></div><a href='#' onClick='toggleBox("stack-trace1776176917", this, "Click to show all stack frames", "Click to hide stack frames")'>Click to show all stack frames</a>
<div class='stack-trace' id='stack-trace1776176917'><pre>java.lang.NullPointerException
	at com.datadriven.frame.testcases.DummyTestB.Validate_NavToSelectedResource_Name_Displayed(DummyTestB.java:126)
	at java.base/jdk.internal.reflect.NativeMethodAccessorImpl.invoke0(Native Method)
	at java.base/jdk.internal.reflect.NativeMethodAccessorImpl.invoke(NativeMethodAccessorImpl.java:62)
	at java.base/jdk.internal.reflect.DelegatingMethodAccessorImpl.invoke(DelegatingMethodAccessorImpl.java:43)
	at java.base/java.lang.reflect.Method.invoke(Method.java:564)
	at org.testng.internal.MethodInvocationHelper.invokeMethod(MethodInvocationHelper.java:85)
	at org.testng.internal.Invoker.invokeMethod(Invoker.java:639)
	at org.testng.internal.Invoker.invokeTestMethod(Invoker.java:816)
	at org.testng.internal.Invoker.invokeTestMethods(Invoker.java:1124)
	at org.testng.internal.TestMethodWorker.invokeTestMethods(TestMethodWorker.java:125)
	at org.testng.internal.TestMethodWorker.run(TestMethodWorker.java:108)
	at org.testng.TestRunner.privateRun(TestRunner.java:774)
	at org.testng.TestRunner.run(TestRunner.java:624)
	at org.testng.SuiteRunner.runTest(SuiteRunner.java:359)
	at org.testng.SuiteRunner.access$000(SuiteRunner.java:39)
	at org.testng.SuiteRunner$SuiteWorker.run(SuiteRunner.java:393)
	at org.testng.internal.thread.ThreadUtil$2.call(ThreadUtil.java:64)
	at java.base/java.util.concurrent.FutureTask.run(FutureTask.java:264)
	at java.base/java.util.concurrent.ThreadPoolExecutor.runWorker(ThreadPoolExecutor.java:1135)
	at java.base/java.util.concurrent.ThreadPoolExecutor$Worker.run(ThreadPoolExecutor.java:635)
	at java.base/java.lang.Thread.run(Thread.java:844)
</pre></div></td>
<td>0</td>
<td>com.datadriven.frame.testcases.DummyTestB@433defed</td></tr>
<tr>
<td title='com.datadriven.frame.testcases.DummyTestB.testB()'><b>testB</b><br>Test class: com.datadriven.frame.testcases.DummyTestB<br>Parameters: {Username=A2, Password=A3, Runmode=Y, Browser=Mozilla}</td>
<td><div><pre>org.openqa.selenium.WebDriverException: Failed to connect to binary FirefoxBinary(C:\Program Files (x86)\Mozilla Firefox\firefox.exe) on port 7055; process output follows: 
972ce4c6-7e08-4474-a285-3208198ce6fd} in app-global
1542855783852	addons.xpi	DEBUG	Existing add-on support@graphon.com in winreg-app-global
1542855783852	addons.xpi	DEBUG	getInstallState changed: false, state: {}
[Child 12276] WARNING: pipe error: 109: file z:/build/build/src/ipc/chromium/src/chrome/common/ipc_channel_win.cc, line 346
[Child 12276] WARNING: pipe error: 109: file z:/build/build/src/ipc/chromium/src/chrome/common/ipc_channel_win.cc, line 346
1542855784003	addons.productaddons	INFO	sending request to: https://aus5.mozilla.org/update/3/GMP/56.0/20170926190823/WINNT_x86-msvc-x64/en-US/release/Windows_NT%2010.0.0.0%20(x64)/default/default/update.xml
1542855784807	addons.productaddons	INFO	Completed downloading document
1542855785027	addons.productaddons	INFO	downloadXHR File download. status=200
1542855785030	addons.productaddons	INFO	Downloaded file will be saved to C:\Users\KPatel\AppData\Local\Temp\tmpaddon-c0baa5
1542855786488	addons.productaddons	INFO	downloadXHR File download. status=200
1542855786494	addons.productaddons	INFO	Downloaded file will be saved to C:\Users\KPatel\AppData\Local\Temp\tmpaddon-9ff2d0
1542855787230	DeferredSave.webext.sc.lz4	DEBUG	Starting write
1542855787246	DeferredSave.webext.sc.lz4	DEBUG	Write succeeded
1542855810418	addons.xpi	DEBUG	Calling bootstrap method shutdown on webcompat@mozilla.org version 1.1
1542855810419	addons.xpi	DEBUG	Calling bootstrap method shutdown on shield-recipe-client@mozilla.org version 65
1542855810420	addons.xpi	DEBUG	Calling bootstrap method shutdown on screenshots@mozilla.org version 10.12.0
1542855810428	addons.xpi	DEBUG	Calling bootstrap method shutdown on onboarding@mozilla.org version 0.1
1542855810429	addons.xpi	DEBUG	Calling bootstrap method shutdown on formautofill@mozilla.org version 1.0
1542855810430	addons.xpi	DEBUG	Calling bootstrap method shutdown on followonsearch@mozilla.com version 0.9.3
1542855810431	addons.xpi	DEBUG	Calling bootstrap method shutdown on firefox@getpocket.com version 1.0.5
1542855810432	addons.xpi	DEBUG	Calling bootstrap method shutdown on e10srollout@mozilla.org version 3.00
1542855810432	addons.xpi	DEBUG	Calling bootstrap method shutdown on clicktoplay-rollout@mozilla.org version 1.4
1542855810433	addons.xpi	DEBUG	Calling bootstrap method shutdown on aushelper@mozilla.org version 2.0
1542855810434	addons.xpi	DEBUG	Calling bootstrap method shutdown on activity-stream@mozilla.org version 0.0.0
[Parent 15732] WARNING: pipe error: 109: file z:/build/build/src/ipc/chromium/src/chrome/common/ipc_channel_win.cc, line 346
[Parent 15732] WARNING: pipe error: 109: file z:/build/build/src/ipc/chromium/src/chrome/common/ipc_channel_win.cc, line 346
[Child 17736] WARNING: pipe error: 109: file z:/build/build/src/ipc/chromium/src/chrome/common/ipc_channel_win.cc, line 346
[Child 13452] WARNING: pipe error: 109: file z:/build/build/src/ipc/ch1542855811214	addons.manager	DEBUG	shutdown
1542855811215	addons.manager	DEBUG	Calling shutdown blocker for XPIProvider
1542855811215	addons.xpi	DEBUG	shutdown
1542855811215	addons.xpi-utils	DEBUG	shutdown
1542855811215	addons.manager	DEBUG	Calling shutdown blocker for LightweightThemeManager
1542855811216	addons.manager	DEBUG	Calling shutdown blocker for GMPProvider
1542855811217	addons.manager	DEBUG	Calling shutdown blocker for PluginProvider
1542855811217	addons.manager	DEBUG	Calling shutdown blocker for PreviousExperimentProvider
1542855811218	addons.manager	DEBUG	Calling shutdown blocker for &lt;unnamed-provider&gt;
1542855811225	addons.manager	DEBUG	Async provider shutdown done
console.error: 
  Message: Error: Connection closed before committing the transaction.
  Stack:
    executeTransaction/promise&lt;/transactionPromise&lt;@resource://gre/modules/Sqlite.jsm:622:19
observe@resource://gre/modules/AsyncShutdown.jsm:534:9

*** UTM:SVC TimerManager:registerTimer called after profile-before-change notification. Ignoring timer registration for id: telemetry_modules_ping

###!!! [Child][MessageChannel::SendAndWait] Error: Channel error: cannot send/recv


Build info: version: &apos;2.52.0&apos;, revision: &apos;4c2593c&apos;, time: &apos;2016-02-11 19:06:42&apos;
System info: host: &apos;IS54&apos;, ip: &apos;172.31.98.107&apos;, os.name: &apos;Windows 10&apos;, os.arch: &apos;amd64&apos;, os.version: &apos;10.0&apos;, java.version: &apos;10.0.2&apos;
Driver info: driver.version: FirefoxDriver
	at org.openqa.selenium.firefox.internal.NewProfileExtensionConnection.start(NewProfileExtensionConnection.java:124)
	at org.openqa.selenium.firefox.FirefoxDriver.startClient(FirefoxDriver.java:271)
	at org.openqa.selenium.remote.RemoteWebDriver.&lt;init&gt;(RemoteWebDriver.java:119)
	at org.openqa.selenium.firefox.FirefoxDriver.&lt;init&gt;(FirefoxDriver.java:218)
	at org.openqa.selenium.firefox.FirefoxDriver.&lt;init&gt;(FirefoxDriver.java:211)
	at org.openqa.selenium.firefox.FirefoxDriver.&lt;init&gt;(FirefoxDriver.java:207)
	at org.openqa.selenium.firefox.FirefoxDriver.&lt;init&gt;(FirefoxDriver.java:120)
	at com.datadriven.frame.base.BaseTest.openBrowser(BaseTest.java:101)
	at com.datadriven.frame.testcases.DummyTestB.testB(DummyTestB.java:45)
	at java.base/java.util.concurrent.FutureTask.run(FutureTask.java:264)
	at java.base/java.util.concurrent.Executors$RunnableAdapter.call(Executors.java:514)
	at java.base/java.util.concurrent.FutureTask.run(FutureTask.java:264)
	at java.base/java.util.concurrent.ThreadPoolExecutor.runWorker(ThreadPoolExecutor.java:1135)
	at java.base/java.util.concurrent.ThreadPoolExecutor$Worker.run(ThreadPoolExecutor.java:635)
	at java.base/java.lang.Thread.run(Thread.java:844)
Caused by: org.openqa.selenium.firefox.NotConnectedException: Unable to connect to host 127.0.0.1 on port 7055 after 45000 ms. Firefox console output:
972ce4c6-7e08-4474-a285-3208198ce6fd} in app-global
1542855783852	addons.xpi	DEBUG	Existing add-on support@graphon.com in winreg-app-global
1542855783852	addons.xpi	DEBUG	getInstallState changed: false, state: {}
[Child 12276] WARNING: pipe error: 109: file z:/build/build/src/ipc/chromium/src/chrome/common/ipc_channel_win.cc, line 346
[Child 12276] WARNING: pipe error: 109: file z:/build/build/src/ipc/chromium/src/chrome/common/ipc_channel_win.cc, line 346
1542855784003	addons.productaddons	INFO	sending request to: https://aus5.mozilla.org/update/3/GMP/56.0/20170926190823/WINNT_x86-msvc-x64/en-US/release/Windows_NT%2010.0.0.0%20(x64)/default/default/update.xml
1542855784807	addons.productaddons	INFO	Completed downloading document
1542855785027	addons.productaddons	INFO	downloadXHR File download. status=200
1542855785030	addons.productaddons	INFO	Downloaded file will be saved to C:\Users\KPatel\AppData\Local\Temp\tmpaddon-c0baa5
1542855786488	addons.productaddons	INFO	downloadXHR File download. status=200
1542855786494	addons.productaddons	INFO	Downloaded file will be saved to C:\Users\KPatel\AppData\Local\Temp\tmpaddon-9ff2d0
1542855787230	DeferredSave.webext.sc.lz4	DEBUG	Starting write
1542855787246	DeferredSave.webext.sc.lz4	DEBUG	Write succeeded
1542855810418	addons.xpi	DEBUG	Calling bootstrap method shutdown on webcompat@mozilla.org version 1.1
1542855810419	addons.xpi	DEBUG	Calling bootstrap method shutdown on shield-recipe-client@mozilla.org version 65
1542855810420	addons.xpi	DEBUG	Calling bootstrap method shutdown on screenshots@mozilla.org version 10.12.0
1542855810428	addons.xpi	DEBUG	Calling bootstrap method shutdown on onboarding@mozilla.org version 0.1
1542855810429	addons.xpi	DEBUG	Calling bootstrap method shutdown on formautofill@mozilla.org version 1.0
1542855810430	addons.xpi	DEBUG	Calling bootstrap method shutdown on followonsearch@mozilla.com version 0.9.3
1542855810431	addons.xpi	DEBUG	Calling bootstrap method shutdown on firefox@getpocket.com version 1.0.5
1542855810432	addons.xpi	DEBUG	Calling bootstrap method shutdown on e10srollout@mozilla.org version 3.00
1542855810432	addons.xpi	DEBUG	Calling bootstrap method shutdown on clicktoplay-rollout@mozilla.org version 1.4
1542855810433	addons.xpi	DEBUG	Calling bootstrap method shutdown on aushelper@mozilla.org version 2.0
1542855810434	addons.xpi	DEBUG	Calling bootstrap method shutdown on activity-stream@mozilla.org version 0.0.0
[Parent 15732] WARNING: pipe error: 109: file z:/build/build/src/ipc/chromium/src/chrome/common/ipc_channel_win.cc, line 346
[Parent 15732] WARNING: pipe error: 109: file z:/build/build/src/ipc/chromium/src/chrome/common/ipc_channel_win.cc, line 346
[Child 17736] WARNING: pipe error: 109: file z:/build/build/src/ipc/chromium/src/chrome/common/ipc_channel_win.cc, line 346
[Child 13452] WARNING: pipe error: 109: file z:/build/build/src/ipc/ch1542855811214	addons.manager	DEBUG	shutdown
1542855811215	addons.manager	DEBUG	Calling shutdown blocker for XPIProvider
1542855811215	addons.xpi	DEBUG	shutdown
1542855811215	addons.xpi-utils	DEBUG	shutdown
1542855811215	addons.manager	DEBUG	Calling shutdown blocker for LightweightThemeManager
1542855811216	addons.manager	DEBUG	Calling shutdown blocker for GMPProvider
1542855811217	addons.manager	DEBUG	Calling shutdown blocker for PluginProvider
1542855811217	addons.manager	DEBUG	Calling shutdown blocker for PreviousExperimentProvider
1542855811218	addons.manager	DEBUG	Calling shutdown blocker for &lt;unnamed-provider&gt;
1542855811225	addons.manager	DEBUG	Async provider shutdown done
console.error: 
  Message: Error: Connection closed before committing the transaction.
  Stack:
    executeTransaction/promise&lt;/transactionPromise&lt;@resource://gre/modules/Sqlite.jsm:622:19
observe@resource://gre/modules/AsyncShutdown.jsm:534:9

*** UTM:SVC TimerManager:registerTimer called after profile-before-change notification. Ignoring timer registration for id: telemetry_modules_ping

###!!! [Child][MessageChannel::SendAndWait] Error: Channel error: cannot send/recv


	at org.openqa.selenium.firefox.internal.NewProfileExtensionConnection.start(NewProfileExtensionConnection.java:112)
	... 23 more
... Removed 9 stack frames</pre></div><a href='#' onClick='toggleBox("stack-trace234086270", this, "Click to show all stack frames", "Click to hide stack frames")'>Click to show all stack frames</a>
<div class='stack-trace' id='stack-trace234086270'><pre>org.openqa.selenium.WebDriverException: Failed to connect to binary FirefoxBinary(C:\Program Files (x86)\Mozilla Firefox\firefox.exe) on port 7055; process output follows: 
972ce4c6-7e08-4474-a285-3208198ce6fd} in app-global
1542855783852	addons.xpi	DEBUG	Existing add-on support@graphon.com in winreg-app-global
1542855783852	addons.xpi	DEBUG	getInstallState changed: false, state: {}
[Child 12276] WARNING: pipe error: 109: file z:/build/build/src/ipc/chromium/src/chrome/common/ipc_channel_win.cc, line 346
[Child 12276] WARNING: pipe error: 109: file z:/build/build/src/ipc/chromium/src/chrome/common/ipc_channel_win.cc, line 346
1542855784003	addons.productaddons	INFO	sending request to: https://aus5.mozilla.org/update/3/GMP/56.0/20170926190823/WINNT_x86-msvc-x64/en-US/release/Windows_NT%2010.0.0.0%20(x64)/default/default/update.xml
1542855784807	addons.productaddons	INFO	Completed downloading document
1542855785027	addons.productaddons	INFO	downloadXHR File download. status=200
1542855785030	addons.productaddons	INFO	Downloaded file will be saved to C:\Users\KPatel\AppData\Local\Temp\tmpaddon-c0baa5
1542855786488	addons.productaddons	INFO	downloadXHR File download. status=200
1542855786494	addons.productaddons	INFO	Downloaded file will be saved to C:\Users\KPatel\AppData\Local\Temp\tmpaddon-9ff2d0
1542855787230	DeferredSave.webext.sc.lz4	DEBUG	Starting write
1542855787246	DeferredSave.webext.sc.lz4	DEBUG	Write succeeded
1542855810418	addons.xpi	DEBUG	Calling bootstrap method shutdown on webcompat@mozilla.org version 1.1
1542855810419	addons.xpi	DEBUG	Calling bootstrap method shutdown on shield-recipe-client@mozilla.org version 65
1542855810420	addons.xpi	DEBUG	Calling bootstrap method shutdown on screenshots@mozilla.org version 10.12.0
1542855810428	addons.xpi	DEBUG	Calling bootstrap method shutdown on onboarding@mozilla.org version 0.1
1542855810429	addons.xpi	DEBUG	Calling bootstrap method shutdown on formautofill@mozilla.org version 1.0
1542855810430	addons.xpi	DEBUG	Calling bootstrap method shutdown on followonsearch@mozilla.com version 0.9.3
1542855810431	addons.xpi	DEBUG	Calling bootstrap method shutdown on firefox@getpocket.com version 1.0.5
1542855810432	addons.xpi	DEBUG	Calling bootstrap method shutdown on e10srollout@mozilla.org version 3.00
1542855810432	addons.xpi	DEBUG	Calling bootstrap method shutdown on clicktoplay-rollout@mozilla.org version 1.4
1542855810433	addons.xpi	DEBUG	Calling bootstrap method shutdown on aushelper@mozilla.org version 2.0
1542855810434	addons.xpi	DEBUG	Calling bootstrap method shutdown on activity-stream@mozilla.org version 0.0.0
[Parent 15732] WARNING: pipe error: 109: file z:/build/build/src/ipc/chromium/src/chrome/common/ipc_channel_win.cc, line 346
[Parent 15732] WARNING: pipe error: 109: file z:/build/build/src/ipc/chromium/src/chrome/common/ipc_channel_win.cc, line 346
[Child 17736] WARNING: pipe error: 109: file z:/build/build/src/ipc/chromium/src/chrome/common/ipc_channel_win.cc, line 346
[Child 13452] WARNING: pipe error: 109: file z:/build/build/src/ipc/ch1542855811214	addons.manager	DEBUG	shutdown
1542855811215	addons.manager	DEBUG	Calling shutdown blocker for XPIProvider
1542855811215	addons.xpi	DEBUG	shutdown
1542855811215	addons.xpi-utils	DEBUG	shutdown
1542855811215	addons.manager	DEBUG	Calling shutdown blocker for LightweightThemeManager
1542855811216	addons.manager	DEBUG	Calling shutdown blocker for GMPProvider
1542855811217	addons.manager	DEBUG	Calling shutdown blocker for PluginProvider
1542855811217	addons.manager	DEBUG	Calling shutdown blocker for PreviousExperimentProvider
1542855811218	addons.manager	DEBUG	Calling shutdown blocker for &lt;unnamed-provider&gt;
1542855811225	addons.manager	DEBUG	Async provider shutdown done
console.error: 
  Message: Error: Connection closed before committing the transaction.
  Stack:
    executeTransaction/promise&lt;/transactionPromise&lt;@resource://gre/modules/Sqlite.jsm:622:19
observe@resource://gre/modules/AsyncShutdown.jsm:534:9

*** UTM:SVC TimerManager:registerTimer called after profile-before-change notification. Ignoring timer registration for id: telemetry_modules_ping

###!!! [Child][MessageChannel::SendAndWait] Error: Channel error: cannot send/recv


Build info: version: &apos;2.52.0&apos;, revision: &apos;4c2593c&apos;, time: &apos;2016-02-11 19:06:42&apos;
System info: host: &apos;IS54&apos;, ip: &apos;172.31.98.107&apos;, os.name: &apos;Windows 10&apos;, os.arch: &apos;amd64&apos;, os.version: &apos;10.0&apos;, java.version: &apos;10.0.2&apos;
Driver info: driver.version: FirefoxDriver
	at org.openqa.selenium.firefox.internal.NewProfileExtensionConnection.start(NewProfileExtensionConnection.java:124)
	at org.openqa.selenium.firefox.FirefoxDriver.startClient(FirefoxDriver.java:271)
	at org.openqa.selenium.remote.RemoteWebDriver.&lt;init&gt;(RemoteWebDriver.java:119)
	at org.openqa.selenium.firefox.FirefoxDriver.&lt;init&gt;(FirefoxDriver.java:218)
	at org.openqa.selenium.firefox.FirefoxDriver.&lt;init&gt;(FirefoxDriver.java:211)
	at org.openqa.selenium.firefox.FirefoxDriver.&lt;init&gt;(FirefoxDriver.java:207)
	at org.openqa.selenium.firefox.FirefoxDriver.&lt;init&gt;(FirefoxDriver.java:120)
	at com.datadriven.frame.base.BaseTest.openBrowser(BaseTest.java:101)
	at com.datadriven.frame.testcases.DummyTestB.testB(DummyTestB.java:45)
	at java.base/jdk.internal.reflect.NativeMethodAccessorImpl.invoke0(Native Method)
	at java.base/jdk.internal.reflect.NativeMethodAccessorImpl.invoke(NativeMethodAccessorImpl.java:62)
	at java.base/jdk.internal.reflect.DelegatingMethodAccessorImpl.invoke(DelegatingMethodAccessorImpl.java:43)
	at java.base/java.lang.reflect.Method.invoke(Method.java:564)
	at org.testng.internal.MethodInvocationHelper.invokeMethod(MethodInvocationHelper.java:85)
	at org.testng.internal.Invoker.invokeMethod(Invoker.java:639)
	at org.testng.internal.Invoker.invokeTestMethod(Invoker.java:816)
	at org.testng.internal.TestMethodWithDataProviderMethodWorker.call(TestMethodWithDataProviderMethodWorker.java:75)
	at org.testng.internal.TestMethodWithDataProviderMethodWorker.call(TestMethodWithDataProviderMethodWorker.java:14)
	at java.base/java.util.concurrent.FutureTask.run(FutureTask.java:264)
	at java.base/java.util.concurrent.Executors$RunnableAdapter.call(Executors.java:514)
	at java.base/java.util.concurrent.FutureTask.run(FutureTask.java:264)
	at java.base/java.util.concurrent.ThreadPoolExecutor.runWorker(ThreadPoolExecutor.java:1135)
	at java.base/java.util.concurrent.ThreadPoolExecutor$Worker.run(ThreadPoolExecutor.java:635)
	at java.base/java.lang.Thread.run(Thread.java:844)
Caused by: org.openqa.selenium.firefox.NotConnectedException: Unable to connect to host 127.0.0.1 on port 7055 after 45000 ms. Firefox console output:
972ce4c6-7e08-4474-a285-3208198ce6fd} in app-global
1542855783852	addons.xpi	DEBUG	Existing add-on support@graphon.com in winreg-app-global
1542855783852	addons.xpi	DEBUG	getInstallState changed: false, state: {}
[Child 12276] WARNING: pipe error: 109: file z:/build/build/src/ipc/chromium/src/chrome/common/ipc_channel_win.cc, line 346
[Child 12276] WARNING: pipe error: 109: file z:/build/build/src/ipc/chromium/src/chrome/common/ipc_channel_win.cc, line 346
1542855784003	addons.productaddons	INFO	sending request to: https://aus5.mozilla.org/update/3/GMP/56.0/20170926190823/WINNT_x86-msvc-x64/en-US/release/Windows_NT%2010.0.0.0%20(x64)/default/default/update.xml
1542855784807	addons.productaddons	INFO	Completed downloading document
1542855785027	addons.productaddons	INFO	downloadXHR File download. status=200
1542855785030	addons.productaddons	INFO	Downloaded file will be saved to C:\Users\KPatel\AppData\Local\Temp\tmpaddon-c0baa5
1542855786488	addons.productaddons	INFO	downloadXHR File download. status=200
1542855786494	addons.productaddons	INFO	Downloaded file will be saved to C:\Users\KPatel\AppData\Local\Temp\tmpaddon-9ff2d0
1542855787230	DeferredSave.webext.sc.lz4	DEBUG	Starting write
1542855787246	DeferredSave.webext.sc.lz4	DEBUG	Write succeeded
1542855810418	addons.xpi	DEBUG	Calling bootstrap method shutdown on webcompat@mozilla.org version 1.1
1542855810419	addons.xpi	DEBUG	Calling bootstrap method shutdown on shield-recipe-client@mozilla.org version 65
1542855810420	addons.xpi	DEBUG	Calling bootstrap method shutdown on screenshots@mozilla.org version 10.12.0
1542855810428	addons.xpi	DEBUG	Calling bootstrap method shutdown on onboarding@mozilla.org version 0.1
1542855810429	addons.xpi	DEBUG	Calling bootstrap method shutdown on formautofill@mozilla.org version 1.0
1542855810430	addons.xpi	DEBUG	Calling bootstrap method shutdown on followonsearch@mozilla.com version 0.9.3
1542855810431	addons.xpi	DEBUG	Calling bootstrap method shutdown on firefox@getpocket.com version 1.0.5
1542855810432	addons.xpi	DEBUG	Calling bootstrap method shutdown on e10srollout@mozilla.org version 3.00
1542855810432	addons.xpi	DEBUG	Calling bootstrap method shutdown on clicktoplay-rollout@mozilla.org version 1.4
1542855810433	addons.xpi	DEBUG	Calling bootstrap method shutdown on aushelper@mozilla.org version 2.0
1542855810434	addons.xpi	DEBUG	Calling bootstrap method shutdown on activity-stream@mozilla.org version 0.0.0
[Parent 15732] WARNING: pipe error: 109: file z:/build/build/src/ipc/chromium/src/chrome/common/ipc_channel_win.cc, line 346
[Parent 15732] WARNING: pipe error: 109: file z:/build/build/src/ipc/chromium/src/chrome/common/ipc_channel_win.cc, line 346
[Child 17736] WARNING: pipe error: 109: file z:/build/build/src/ipc/chromium/src/chrome/common/ipc_channel_win.cc, line 346
[Child 13452] WARNING: pipe error: 109: file z:/build/build/src/ipc/ch1542855811214	addons.manager	DEBUG	shutdown
1542855811215	addons.manager	DEBUG	Calling shutdown blocker for XPIProvider
1542855811215	addons.xpi	DEBUG	shutdown
1542855811215	addons.xpi-utils	DEBUG	shutdown
1542855811215	addons.manager	DEBUG	Calling shutdown blocker for LightweightThemeManager
1542855811216	addons.manager	DEBUG	Calling shutdown blocker for GMPProvider
1542855811217	addons.manager	DEBUG	Calling shutdown blocker for PluginProvider
1542855811217	addons.manager	DEBUG	Calling shutdown blocker for PreviousExperimentProvider
1542855811218	addons.manager	DEBUG	Calling shutdown blocker for &lt;unnamed-provider&gt;
1542855811225	addons.manager	DEBUG	Async provider shutdown done
console.error: 
  Message: Error: Connection closed before committing the transaction.
  Stack:
    executeTransaction/promise&lt;/transactionPromise&lt;@resource://gre/modules/Sqlite.jsm:622:19
observe@resource://gre/modules/AsyncShutdown.jsm:534:9

*** UTM:SVC TimerManager:registerTimer called after profile-before-change notification. Ignoring timer registration for id: telemetry_modules_ping

###!!! [Child][MessageChannel::SendAndWait] Error: Channel error: cannot send/recv


	at org.openqa.selenium.firefox.internal.NewProfileExtensionConnection.start(NewProfileExtensionConnection.java:112)
	... 23 more
</pre></div></td>
<td>47</td>
<td>com.datadriven.frame.testcases.DummyTestB@433defed</td></tr>
</table><p>
</body>
</html>